This is pdfTeX, Version 3.14159265-2.6-1.40.18 (TeX Live 2017) (preloaded format=pdflatex 2017.5.23)  31 OCT 2019 15:05
entering extended mode
 restricted \write18 enabled.
 %&-line parsing enabled.
**main.tex
(./main.tex
LaTeX2e <2017-04-15>
Babel <3.10> and hyphenation patterns for 84 language(s) loaded.
(./wlscirep.cls
Document Class: wlscirep 27/02/2017, v1.3
(/usr/local/texlive/2017/texmf-dist/tex/latex/base/inputenc.sty
Package: inputenc 2015/03/17 v1.2c Input encoding file
\inpenc@prehook=\toks14
\inpenc@posthook=\toks15

(/usr/local/texlive/2017/texmf-dist/tex/latex/base/utf8.def
File: utf8.def 2017/01/28 v1.1t UTF-8 support for inputenc
Now handling font encoding OML ...
... no UTF-8 mapping file for font encoding OML
Now handling font encoding T1 ...
... processing UTF-8 mapping file for font encoding T1

(/usr/local/texlive/2017/texmf-dist/tex/latex/base/t1enc.dfu
File: t1enc.dfu 2017/01/28 v1.1t UTF-8 support for inputenc
   defining Unicode char U+00A0 (decimal 160)
   defining Unicode char U+00A1 (decimal 161)
   defining Unicode char U+00A3 (decimal 163)
   defining Unicode char U+00AB (decimal 171)
   defining Unicode char U+00AD (decimal 173)
   defining Unicode char U+00BB (decimal 187)
   defining Unicode char U+00BF (decimal 191)
   defining Unicode char U+00C0 (decimal 192)
   defining Unicode char U+00C1 (decimal 193)
   defining Unicode char U+00C2 (decimal 194)
   defining Unicode char U+00C3 (decimal 195)
   defining Unicode char U+00C4 (decimal 196)
   defining Unicode char U+00C5 (decimal 197)
   defining Unicode char U+00C6 (decimal 198)
   defining Unicode char U+00C7 (decimal 199)
   defining Unicode char U+00C8 (decimal 200)
   defining Unicode char U+00C9 (decimal 201)
   defining Unicode char U+00CA (decimal 202)
   defining Unicode char U+00CB (decimal 203)
   defining Unicode char U+00CC (decimal 204)
   defining Unicode char U+00CD (decimal 205)
   defining Unicode char U+00CE (decimal 206)
   defining Unicode char U+00CF (decimal 207)
   defining Unicode char U+00D0 (decimal 208)
   defining Unicode char U+00D1 (decimal 209)
   defining Unicode char U+00D2 (decimal 210)
   defining Unicode char U+00D3 (decimal 211)
   defining Unicode char U+00D4 (decimal 212)
   defining Unicode char U+00D5 (decimal 213)
   defining Unicode char U+00D6 (decimal 214)
   defining Unicode char U+00D8 (decimal 216)
   defining Unicode char U+00D9 (decimal 217)
   defining Unicode char U+00DA (decimal 218)
   defining Unicode char U+00DB (decimal 219)
   defining Unicode char U+00DC (decimal 220)
   defining Unicode char U+00DD (decimal 221)
   defining Unicode char U+00DE (decimal 222)
   defining Unicode char U+00DF (decimal 223)
   defining Unicode char U+00E0 (decimal 224)
   defining Unicode char U+00E1 (decimal 225)
   defining Unicode char U+00E2 (decimal 226)
   defining Unicode char U+00E3 (decimal 227)
   defining Unicode char U+00E4 (decimal 228)
   defining Unicode char U+00E5 (decimal 229)
   defining Unicode char U+00E6 (decimal 230)
   defining Unicode char U+00E7 (decimal 231)
   defining Unicode char U+00E8 (decimal 232)
   defining Unicode char U+00E9 (decimal 233)
   defining Unicode char U+00EA (decimal 234)
   defining Unicode char U+00EB (decimal 235)
   defining Unicode char U+00EC (decimal 236)
   defining Unicode char U+00ED (decimal 237)
   defining Unicode char U+00EE (decimal 238)
   defining Unicode char U+00EF (decimal 239)
   defining Unicode char U+00F0 (decimal 240)
   defining Unicode char U+00F1 (decimal 241)
   defining Unicode char U+00F2 (decimal 242)
   defining Unicode char U+00F3 (decimal 243)
   defining Unicode char U+00F4 (decimal 244)
   defining Unicode char U+00F5 (decimal 245)
   defining Unicode char U+00F6 (decimal 246)
   defining Unicode char U+00F8 (decimal 248)
   defining Unicode char U+00F9 (decimal 249)
   defining Unicode char U+00FA (decimal 250)
   defining Unicode char U+00FB (decimal 251)
   defining Unicode char U+00FC (decimal 252)
   defining Unicode char U+00FD (decimal 253)
   defining Unicode char U+00FE (decimal 254)
   defining Unicode char U+00FF (decimal 255)
   defining Unicode char U+0100 (decimal 256)
   defining Unicode char U+0101 (decimal 257)
   defining Unicode char U+0102 (decimal 258)
   defining Unicode char U+0103 (decimal 259)
   defining Unicode char U+0104 (decimal 260)
   defining Unicode char U+0105 (decimal 261)
   defining Unicode char U+0106 (decimal 262)
   defining Unicode char U+0107 (decimal 263)
   defining Unicode char U+0108 (decimal 264)
   defining Unicode char U+0109 (decimal 265)
   defining Unicode char U+010A (decimal 266)
   defining Unicode char U+010B (decimal 267)
   defining Unicode char U+010C (decimal 268)
   defining Unicode char U+010D (decimal 269)
   defining Unicode char U+010E (decimal 270)
   defining Unicode char U+010F (decimal 271)
   defining Unicode char U+0110 (decimal 272)
   defining Unicode char U+0111 (decimal 273)
   defining Unicode char U+0112 (decimal 274)
   defining Unicode char U+0113 (decimal 275)
   defining Unicode char U+0114 (decimal 276)
   defining Unicode char U+0115 (decimal 277)
   defining Unicode char U+0116 (decimal 278)
   defining Unicode char U+0117 (decimal 279)
   defining Unicode char U+0118 (decimal 280)
   defining Unicode char U+0119 (decimal 281)
   defining Unicode char U+011A (decimal 282)
   defining Unicode char U+011B (decimal 283)
   defining Unicode char U+011C (decimal 284)
   defining Unicode char U+011D (decimal 285)
   defining Unicode char U+011E (decimal 286)
   defining Unicode char U+011F (decimal 287)
   defining Unicode char U+0120 (decimal 288)
   defining Unicode char U+0121 (decimal 289)
   defining Unicode char U+0122 (decimal 290)
   defining Unicode char U+0123 (decimal 291)
   defining Unicode char U+0124 (decimal 292)
   defining Unicode char U+0125 (decimal 293)
   defining Unicode char U+0128 (decimal 296)
   defining Unicode char U+0129 (decimal 297)
   defining Unicode char U+012A (decimal 298)
   defining Unicode char U+012B (decimal 299)
   defining Unicode char U+012C (decimal 300)
   defining Unicode char U+012D (decimal 301)
   defining Unicode char U+012E (decimal 302)
   defining Unicode char U+012F (decimal 303)
   defining Unicode char U+0130 (decimal 304)
   defining Unicode char U+0131 (decimal 305)
   defining Unicode char U+0132 (decimal 306)
   defining Unicode char U+0133 (decimal 307)
   defining Unicode char U+0134 (decimal 308)
   defining Unicode char U+0135 (decimal 309)
   defining Unicode char U+0136 (decimal 310)
   defining Unicode char U+0137 (decimal 311)
   defining Unicode char U+0139 (decimal 313)
   defining Unicode char U+013A (decimal 314)
   defining Unicode char U+013B (decimal 315)
   defining Unicode char U+013C (decimal 316)
   defining Unicode char U+013D (decimal 317)
   defining Unicode char U+013E (decimal 318)
   defining Unicode char U+0141 (decimal 321)
   defining Unicode char U+0142 (decimal 322)
   defining Unicode char U+0143 (decimal 323)
   defining Unicode char U+0144 (decimal 324)
   defining Unicode char U+0145 (decimal 325)
   defining Unicode char U+0146 (decimal 326)
   defining Unicode char U+0147 (decimal 327)
   defining Unicode char U+0148 (decimal 328)
   defining Unicode char U+014A (decimal 330)
   defining Unicode char U+014B (decimal 331)
   defining Unicode char U+014C (decimal 332)
   defining Unicode char U+014D (decimal 333)
   defining Unicode char U+014E (decimal 334)
   defining Unicode char U+014F (decimal 335)
   defining Unicode char U+0150 (decimal 336)
   defining Unicode char U+0151 (decimal 337)
   defining Unicode char U+0152 (decimal 338)
   defining Unicode char U+0153 (decimal 339)
   defining Unicode char U+0154 (decimal 340)
   defining Unicode char U+0155 (decimal 341)
   defining Unicode char U+0156 (decimal 342)
   defining Unicode char U+0157 (decimal 343)
   defining Unicode char U+0158 (decimal 344)
   defining Unicode char U+0159 (decimal 345)
   defining Unicode char U+015A (decimal 346)
   defining Unicode char U+015B (decimal 347)
   defining Unicode char U+015C (decimal 348)
   defining Unicode char U+015D (decimal 349)
   defining Unicode char U+015E (decimal 350)
   defining Unicode char U+015F (decimal 351)
   defining Unicode char U+0160 (decimal 352)
   defining Unicode char U+0161 (decimal 353)
   defining Unicode char U+0162 (decimal 354)
   defining Unicode char U+0163 (decimal 355)
   defining Unicode char U+0164 (decimal 356)
   defining Unicode char U+0165 (decimal 357)
   defining Unicode char U+0168 (decimal 360)
   defining Unicode char U+0169 (decimal 361)
   defining Unicode char U+016A (decimal 362)
   defining Unicode char U+016B (decimal 363)
   defining Unicode char U+016C (decimal 364)
   defining Unicode char U+016D (decimal 365)
   defining Unicode char U+016E (decimal 366)
   defining Unicode char U+016F (decimal 367)
   defining Unicode char U+0170 (decimal 368)
   defining Unicode char U+0171 (decimal 369)
   defining Unicode char U+0172 (decimal 370)
   defining Unicode char U+0173 (decimal 371)
   defining Unicode char U+0174 (decimal 372)
   defining Unicode char U+0175 (decimal 373)
   defining Unicode char U+0176 (decimal 374)
   defining Unicode char U+0177 (decimal 375)
   defining Unicode char U+0178 (decimal 376)
   defining Unicode char U+0179 (decimal 377)
   defining Unicode char U+017A (decimal 378)
   defining Unicode char U+017B (decimal 379)
   defining Unicode char U+017C (decimal 380)
   defining Unicode char U+017D (decimal 381)
   defining Unicode char U+017E (decimal 382)
   defining Unicode char U+01CD (decimal 461)
   defining Unicode char U+01CE (decimal 462)
   defining Unicode char U+01CF (decimal 463)
   defining Unicode char U+01D0 (decimal 464)
   defining Unicode char U+01D1 (decimal 465)
   defining Unicode char U+01D2 (decimal 466)
   defining Unicode char U+01D3 (decimal 467)
   defining Unicode char U+01D4 (decimal 468)
   defining Unicode char U+01E2 (decimal 482)
   defining Unicode char U+01E3 (decimal 483)
   defining Unicode char U+01E6 (decimal 486)
   defining Unicode char U+01E7 (decimal 487)
   defining Unicode char U+01E8 (decimal 488)
   defining Unicode char U+01E9 (decimal 489)
   defining Unicode char U+01EA (decimal 490)
   defining Unicode char U+01EB (decimal 491)
   defining Unicode char U+01F0 (decimal 496)
   defining Unicode char U+01F4 (decimal 500)
   defining Unicode char U+01F5 (decimal 501)
   defining Unicode char U+0218 (decimal 536)
   defining Unicode char U+0219 (decimal 537)
   defining Unicode char U+021A (decimal 538)
   defining Unicode char U+021B (decimal 539)
   defining Unicode char U+0232 (decimal 562)
   defining Unicode char U+0233 (decimal 563)
   defining Unicode char U+1E02 (decimal 7682)
   defining Unicode char U+1E03 (decimal 7683)
   defining Unicode char U+200C (decimal 8204)
   defining Unicode char U+2010 (decimal 8208)
   defining Unicode char U+2011 (decimal 8209)
   defining Unicode char U+2012 (decimal 8210)
   defining Unicode char U+2013 (decimal 8211)
   defining Unicode char U+2014 (decimal 8212)
   defining Unicode char U+2015 (decimal 8213)
   defining Unicode char U+2018 (decimal 8216)
   defining Unicode char U+2019 (decimal 8217)
   defining Unicode char U+201A (decimal 8218)
   defining Unicode char U+201C (decimal 8220)
   defining Unicode char U+201D (decimal 8221)
   defining Unicode char U+201E (decimal 8222)
   defining Unicode char U+2030 (decimal 8240)
   defining Unicode char U+2031 (decimal 8241)
   defining Unicode char U+2039 (decimal 8249)
   defining Unicode char U+203A (decimal 8250)
   defining Unicode char U+2423 (decimal 9251)
   defining Unicode char U+1E20 (decimal 7712)
   defining Unicode char U+1E21 (decimal 7713)
)
Now handling font encoding OT1 ...
... processing UTF-8 mapping file for font encoding OT1

(/usr/local/texlive/2017/texmf-dist/tex/latex/base/ot1enc.dfu
File: ot1enc.dfu 2017/01/28 v1.1t UTF-8 support for inputenc
   defining Unicode char U+00A0 (decimal 160)
   defining Unicode char U+00A1 (decimal 161)
   defining Unicode char U+00A3 (decimal 163)
   defining Unicode char U+00AD (decimal 173)
   defining Unicode char U+00B8 (decimal 184)
   defining Unicode char U+00BF (decimal 191)
   defining Unicode char U+00C5 (decimal 197)
   defining Unicode char U+00C6 (decimal 198)
   defining Unicode char U+00D8 (decimal 216)
   defining Unicode char U+00DF (decimal 223)
   defining Unicode char U+00E6 (decimal 230)
   defining Unicode char U+00EC (decimal 236)
   defining Unicode char U+00ED (decimal 237)
   defining Unicode char U+00EE (decimal 238)
   defining Unicode char U+00EF (decimal 239)
   defining Unicode char U+00F8 (decimal 248)
   defining Unicode char U+0131 (decimal 305)
   defining Unicode char U+0141 (decimal 321)
   defining Unicode char U+0142 (decimal 322)
   defining Unicode char U+0152 (decimal 338)
   defining Unicode char U+0153 (decimal 339)
   defining Unicode char U+0174 (decimal 372)
   defining Unicode char U+0175 (decimal 373)
   defining Unicode char U+0176 (decimal 374)
   defining Unicode char U+0177 (decimal 375)
   defining Unicode char U+0218 (decimal 536)
   defining Unicode char U+0219 (decimal 537)
   defining Unicode char U+021A (decimal 538)
   defining Unicode char U+021B (decimal 539)
   defining Unicode char U+2013 (decimal 8211)
   defining Unicode char U+2014 (decimal 8212)
   defining Unicode char U+2018 (decimal 8216)
   defining Unicode char U+2019 (decimal 8217)
   defining Unicode char U+201C (decimal 8220)
   defining Unicode char U+201D (decimal 8221)
)
Now handling font encoding OMS ...
... processing UTF-8 mapping file for font encoding OMS

(/usr/local/texlive/2017/texmf-dist/tex/latex/base/omsenc.dfu
File: omsenc.dfu 2017/01/28 v1.1t UTF-8 support for inputenc
   defining Unicode char U+00A7 (decimal 167)
   defining Unicode char U+00B6 (decimal 182)
   defining Unicode char U+00B7 (decimal 183)
   defining Unicode char U+2020 (decimal 8224)
   defining Unicode char U+2021 (decimal 8225)
   defining Unicode char U+2022 (decimal 8226)
)
Now handling font encoding OMX ...
... no UTF-8 mapping file for font encoding OMX
Now handling font encoding U ...
... no UTF-8 mapping file for font encoding U
   defining Unicode char U+00A9 (decimal 169)
   defining Unicode char U+00AA (decimal 170)
   defining Unicode char U+00AE (decimal 174)
   defining Unicode char U+00BA (decimal 186)
   defining Unicode char U+02C6 (decimal 710)
   defining Unicode char U+02DC (decimal 732)
   defining Unicode char U+200C (decimal 8204)
   defining Unicode char U+2026 (decimal 8230)
   defining Unicode char U+2122 (decimal 8482)
   defining Unicode char U+2423 (decimal 9251)
))
(/usr/local/texlive/2017/texmf-dist/tex/generic/babel/babel.sty
Package: babel 2017/05/19 3.10 The Babel package

(/usr/local/texlive/2017/texmf-dist/tex/generic/babel-english/english.ldf
Language: english 2017/01/24 v3.3q English support from the babel system

(/usr/local/texlive/2017/texmf-dist/tex/generic/babel/babel.def
File: babel.def 2017/05/19 3.10 Babel common definitions
\babel@savecnt=\count79
\U@D=\dimen102
)
\l@canadian = a dialect from \language\l@american 
\l@australian = a dialect from \language\l@british 
\l@newzealand = a dialect from \language\l@british 
))
(/usr/local/texlive/2017/texmf-dist/tex/latex/base/ifthen.sty
Package: ifthen 2014/09/29 v1.1c Standard LaTeX ifthen package (DPC)
)
(/usr/local/texlive/2017/texmf-dist/tex/latex/tools/calc.sty
Package: calc 2014/10/28 v4.3 Infix arithmetic (KKT,FJ)
\calc@Acount=\count80
\calc@Bcount=\count81
\calc@Adimen=\dimen103
\calc@Bdimen=\dimen104
\calc@Askip=\skip41
\calc@Bskip=\skip42
LaTeX Info: Redefining \setlength on input line 80.
LaTeX Info: Redefining \addtolength on input line 81.
\calc@Ccount=\count82
\calc@Cskip=\skip43
)
(/usr/local/texlive/2017/texmf-dist/tex/latex/base/article.cls
Document Class: article 2014/09/29 v1.4h Standard LaTeX document class
(/usr/local/texlive/2017/texmf-dist/tex/latex/base/fleqn.clo
File: fleqn.clo 2016/12/29 v1.2a Standard LaTeX option (flush left equations)
\mathindent=\dimen105
Applying: [2015/01/01] Make \[ robust on input line 50.
LaTeX Info: Redefining \[ on input line 51.
Already applied: [0000/00/00] Make \[ robust on input line 62.
Applying: [2015/01/01] Make \] robust on input line 74.
LaTeX Info: Redefining \] on input line 75.
Already applied: [0000/00/00] Make \] robust on input line 83.
)
(/usr/local/texlive/2017/texmf-dist/tex/latex/base/size12.clo
File: size12.clo 2014/09/29 v1.4h Standard LaTeX file (size option)
)
\c@part=\count83
\c@section=\count84
\c@subsection=\count85
\c@subsubsection=\count86
\c@paragraph=\count87
\c@subparagraph=\count88
\c@figure=\count89
\c@table=\count90
\abovecaptionskip=\skip44
\belowcaptionskip=\skip45
\bibindent=\dimen106
)
(/usr/local/texlive/2017/texmf-dist/tex/latex/psnfss/times.sty
Package: times 2005/04/12 PSNFSS-v9.2a (SPQR) 
)
(/usr/local/texlive/2017/texmf-dist/tex/latex/psnfss/mathptmx.sty
Package: mathptmx 2005/04/12 PSNFSS-v9.2a Times w/ Math, improved (SPQR, WaS) 
LaTeX Font Info:    Redeclaring symbol font `operators' on input line 28.
LaTeX Font Info:    Overwriting symbol font `operators' in version `normal'
(Font)                  OT1/cmr/m/n --> OT1/ztmcm/m/n on input line 28.
LaTeX Font Info:    Overwriting symbol font `operators' in version `bold'
(Font)                  OT1/cmr/bx/n --> OT1/ztmcm/m/n on input line 28.
LaTeX Font Info:    Redeclaring symbol font `letters' on input line 29.
LaTeX Font Info:    Overwriting symbol font `letters' in version `normal'
(Font)                  OML/cmm/m/it --> OML/ztmcm/m/it on input line 29.
LaTeX Font Info:    Overwriting symbol font `letters' in version `bold'
(Font)                  OML/cmm/b/it --> OML/ztmcm/m/it on input line 29.
LaTeX Font Info:    Redeclaring symbol font `symbols' on input line 30.
LaTeX Font Info:    Overwriting symbol font `symbols' in version `normal'
(Font)                  OMS/cmsy/m/n --> OMS/ztmcm/m/n on input line 30.
LaTeX Font Info:    Overwriting symbol font `symbols' in version `bold'
(Font)                  OMS/cmsy/b/n --> OMS/ztmcm/m/n on input line 30.
LaTeX Font Info:    Redeclaring symbol font `largesymbols' on input line 31.
LaTeX Font Info:    Overwriting symbol font `largesymbols' in version `normal'
(Font)                  OMX/cmex/m/n --> OMX/ztmcm/m/n on input line 31.
LaTeX Font Info:    Overwriting symbol font `largesymbols' in version `bold'
(Font)                  OMX/cmex/m/n --> OMX/ztmcm/m/n on input line 31.
\symbold=\mathgroup4
\symitalic=\mathgroup5
LaTeX Font Info:    Redeclaring math alphabet \mathbf on input line 34.
LaTeX Font Info:    Overwriting math alphabet `\mathbf' in version `normal'
(Font)                  OT1/cmr/bx/n --> OT1/ptm/bx/n on input line 34.
LaTeX Font Info:    Overwriting math alphabet `\mathbf' in version `bold'
(Font)                  OT1/cmr/bx/n --> OT1/ptm/bx/n on input line 34.
LaTeX Font Info:    Redeclaring math alphabet \mathit on input line 35.
LaTeX Font Info:    Overwriting math alphabet `\mathit' in version `normal'
(Font)                  OT1/cmr/m/it --> OT1/ptm/m/it on input line 35.
LaTeX Font Info:    Overwriting math alphabet `\mathit' in version `bold'
(Font)                  OT1/cmr/bx/it --> OT1/ptm/m/it on input line 35.
LaTeX Info: Redefining \hbar on input line 50.
)
(/usr/local/texlive/2017/texmf-dist/tex/generic/oberdiek/ifpdf.sty
Package: ifpdf 2017/03/15 v3.2 Provides the ifpdf switch
)
(/usr/local/texlive/2017/texmf-dist/tex/latex/amsmath/amsmath.sty
Package: amsmath 2016/11/05 v2.16a AMS math features
\@mathmargin=\skip46

For additional information on amsmath, use the `?' option.
(/usr/local/texlive/2017/texmf-dist/tex/latex/amsmath/amstext.sty
Package: amstext 2000/06/29 v2.01 AMS text

(/usr/local/texlive/2017/texmf-dist/tex/latex/amsmath/amsgen.sty
File: amsgen.sty 1999/11/30 v2.0 generic functions
\@emptytoks=\toks16
\ex@=\dimen107
))
(/usr/local/texlive/2017/texmf-dist/tex/latex/amsmath/amsbsy.sty
Package: amsbsy 1999/11/29 v1.2d Bold Symbols
\pmbraise@=\dimen108
)
(/usr/local/texlive/2017/texmf-dist/tex/latex/amsmath/amsopn.sty
Package: amsopn 2016/03/08 v2.02 operator names
)
\inf@bad=\count91
LaTeX Info: Redefining \frac on input line 213.
\uproot@=\count92
\leftroot@=\count93
LaTeX Info: Redefining \overline on input line 375.
\classnum@=\count94
\DOTSCASE@=\count95
LaTeX Info: Redefining \ldots on input line 472.
LaTeX Info: Redefining \dots on input line 475.
LaTeX Info: Redefining \cdots on input line 596.
\Mathstrutbox@=\box26
\strutbox@=\box27
\big@size=\dimen109
LaTeX Font Info:    Redeclaring font encoding OML on input line 712.
LaTeX Font Info:    Redeclaring font encoding OMS on input line 713.
\macc@depth=\count96
\c@MaxMatrixCols=\count97
\dotsspace@=\muskip10
\c@parentequation=\count98
\dspbrk@lvl=\count99
\tag@help=\toks17
\row@=\count100
\column@=\count101
\maxfields@=\count102
\andhelp@=\toks18
\eqnshift@=\dimen110
\alignsep@=\dimen111
\tagshift@=\dimen112
\tagwidth@=\dimen113
\totwidth@=\dimen114
\lineht@=\dimen115
\@envbody=\toks19
\multlinegap=\skip47
\multlinetaggap=\skip48
\mathdisplay@stack=\toks20
LaTeX Info: Redefining \[ on input line 2817.
LaTeX Info: Redefining \] on input line 2818.
)
(/usr/local/texlive/2017/texmf-dist/tex/latex/amsfonts/amsfonts.sty
Package: amsfonts 2013/01/14 v3.01 Basic AMSFonts support
\symAMSa=\mathgroup6
\symAMSb=\mathgroup7
LaTeX Font Info:    Overwriting math alphabet `\mathfrak' in version `bold'
(Font)                  U/euf/m/n --> U/euf/b/n on input line 106.
)
(/usr/local/texlive/2017/texmf-dist/tex/latex/amsfonts/amssymb.sty
Package: amssymb 2013/01/14 v3.01 AMS font symbols
)
(/usr/local/texlive/2017/texmf-dist/tex/latex/graphics/graphicx.sty
Package: graphicx 2014/10/28 v1.0g Enhanced LaTeX Graphics (DPC,SPQR)

(/usr/local/texlive/2017/texmf-dist/tex/latex/graphics/keyval.sty
Package: keyval 2014/10/28 v1.15 key=value parser (DPC)
\KV@toks@=\toks21
)
(/usr/local/texlive/2017/texmf-dist/tex/latex/graphics/graphics.sty
Package: graphics 2017/04/14 v1.1b Standard LaTeX Graphics (DPC,SPQR)

(/usr/local/texlive/2017/texmf-dist/tex/latex/graphics/trig.sty
Package: trig 2016/01/03 v1.10 sin cos tan (DPC)
)
(/usr/local/texlive/2017/texmf-dist/tex/latex/graphics-cfg/graphics.cfg
File: graphics.cfg 2016/06/04 v1.11 sample graphics configuration
)
Package graphics Info: Driver file: pdftex.def on input line 99.

(/usr/local/texlive/2017/texmf-dist/tex/latex/graphics-def/pdftex.def
File: pdftex.def 2017/01/12 v0.06k Graphics/color for pdfTeX

(/usr/local/texlive/2017/texmf-dist/tex/generic/oberdiek/infwarerr.sty
Package: infwarerr 2016/05/16 v1.4 Providing info/warning/error messages (HO)
)
(/usr/local/texlive/2017/texmf-dist/tex/generic/oberdiek/ltxcmds.sty
Package: ltxcmds 2016/05/16 v1.23 LaTeX kernel commands for general use (HO)
)
\Gread@gobject=\count103
))
\Gin@req@height=\dimen116
\Gin@req@width=\dimen117
)
(/usr/local/texlive/2017/texmf-dist/tex/latex/xcolor/xcolor.sty
Package: xcolor 2016/05/11 v2.12 LaTeX color extensions (UK)

(/usr/local/texlive/2017/texmf-dist/tex/latex/graphics-cfg/color.cfg
File: color.cfg 2016/01/02 v1.6 sample color configuration
)
Package xcolor Info: Driver file: pdftex.def on input line 225.
Package xcolor Info: Model `cmy' substituted by `cmy0' on input line 1348.
Package xcolor Info: Model `hsb' substituted by `rgb' on input line 1352.
Package xcolor Info: Model `RGB' extended on input line 1364.
Package xcolor Info: Model `HTML' substituted by `rgb' on input line 1366.
Package xcolor Info: Model `Hsb' substituted by `hsb' on input line 1367.
Package xcolor Info: Model `tHsb' substituted by `hsb' on input line 1368.
Package xcolor Info: Model `HSB' substituted by `hsb' on input line 1369.
Package xcolor Info: Model `Gray' substituted by `gray' on input line 1370.
Package xcolor Info: Model `wave' substituted by `hsb' on input line 1371.
)
(/usr/local/texlive/2017/texmf-dist/tex/latex/booktabs/booktabs.sty
Package: booktabs 2016/04/27 v1.618033 publication quality tables
\heavyrulewidth=\dimen118
\lightrulewidth=\dimen119
\cmidrulewidth=\dimen120
\belowrulesep=\dimen121
\belowbottomsep=\dimen122
\aboverulesep=\dimen123
\abovetopsep=\dimen124
\cmidrulesep=\dimen125
\cmidrulekern=\dimen126
\defaultaddspace=\dimen127
\@cmidla=\count104
\@cmidlb=\count105
\@aboverulesep=\dimen128
\@belowrulesep=\dimen129
\@thisruleclass=\count106
\@lastruleclass=\count107
\@thisrulewidth=\dimen130
)
(/usr/local/texlive/2017/texmf-dist/tex/latex/preprint/authblk.sty
Package: authblk 2001/02/27 1.3 (PWD)
\affilsep=\skip49
\@affilsep=\skip50
\c@Maxaffil=\count108
\c@authors=\count109
\c@affil=\count110
)
(/usr/local/texlive/2017/texmf-dist/tex/latex/geometry/geometry.sty
Package: geometry 2010/09/12 v5.6 Page Geometry

(/usr/local/texlive/2017/texmf-dist/tex/generic/oberdiek/ifvtex.sty
Package: ifvtex 2016/05/16 v1.6 Detect VTeX and its facilities (HO)
Package ifvtex Info: VTeX not detected.
)
(/usr/local/texlive/2017/texmf-dist/tex/generic/ifxetex/ifxetex.sty
Package: ifxetex 2010/09/12 v0.6 Provides ifxetex conditional
)
\Gm@cnth=\count111
\Gm@cntv=\count112
\c@Gm@tempcnt=\count113
\Gm@bindingoffset=\dimen131
\Gm@wd@mp=\dimen132
\Gm@odd@mp=\dimen133
\Gm@even@mp=\dimen134
\Gm@layoutwidth=\dimen135
\Gm@layoutheight=\dimen136
\Gm@layouthoffset=\dimen137
\Gm@layoutvoffset=\dimen138
\Gm@dimlist=\toks22
)
(/usr/local/texlive/2017/texmf-dist/tex/latex/caption/caption.sty
Package: caption 2016/02/21 v3.3-144 Customizing captions (AR)

(/usr/local/texlive/2017/texmf-dist/tex/latex/caption/caption3.sty
Package: caption3 2016/05/22 v1.7-166 caption3 kernel (AR)
Package caption3 Info: TeX engine: e-TeX on input line 67.
\captionmargin=\dimen139
\captionmargin@=\dimen140
\captionwidth=\dimen141
\caption@tempdima=\dimen142
\caption@indent=\dimen143
\caption@parindent=\dimen144
\caption@hangindent=\dimen145
)
\c@ContinuedFloat=\count114
)
(/usr/local/texlive/2017/texmf-dist/tex/latex/hyperref/hyperref.sty
Package: hyperref 2017/03/14 v6.85a Hypertext links for LaTeX

(/usr/local/texlive/2017/texmf-dist/tex/generic/oberdiek/hobsub-hyperref.sty
Package: hobsub-hyperref 2016/05/16 v1.14 Bundle oberdiek, subset hyperref (HO)


(/usr/local/texlive/2017/texmf-dist/tex/generic/oberdiek/hobsub-generic.sty
Package: hobsub-generic 2016/05/16 v1.14 Bundle oberdiek, subset generic (HO)
Package: hobsub 2016/05/16 v1.14 Construct package bundles (HO)
Package hobsub Info: Skipping package `infwarerr' (already loaded).
Package hobsub Info: Skipping package `ltxcmds' (already loaded).
Package: ifluatex 2016/05/16 v1.4 Provides the ifluatex switch (HO)
Package ifluatex Info: LuaTeX not detected.
Package hobsub Info: Skipping package `ifvtex' (already loaded).
Package: intcalc 2016/05/16 v1.2 Expandable calculations with integers (HO)
Package hobsub Info: Skipping package `ifpdf' (already loaded).
Package: etexcmds 2016/05/16 v1.6 Avoid name clashes with e-TeX commands (HO)
Package etexcmds Info: Could not find \expanded.
(etexcmds)             That can mean that you are not using pdfTeX 1.50 or
(etexcmds)             that some package has redefined \expanded.
(etexcmds)             In the latter case, load this package earlier.
Package: kvsetkeys 2016/05/16 v1.17 Key value parser (HO)
Package: kvdefinekeys 2016/05/16 v1.4 Define keys (HO)
Package: pdftexcmds 2017/03/19 v0.25 Utility functions of pdfTeX for LuaTeX (HO
)
Package pdftexcmds Info: LuaTeX not detected.
Package pdftexcmds Info: \pdf@primitive is available.
Package pdftexcmds Info: \pdf@ifprimitive is available.
Package pdftexcmds Info: \pdfdraftmode found.
Package: pdfescape 2016/05/16 v1.14 Implements pdfTeX's escape features (HO)
Package: bigintcalc 2016/05/16 v1.4 Expandable calculations on big integers (HO
)
Package: bitset 2016/05/16 v1.2 Handle bit-vector datatype (HO)
Package: uniquecounter 2016/05/16 v1.3 Provide unlimited unique counter (HO)
)
Package hobsub Info: Skipping package `hobsub' (already loaded).
Package: letltxmacro 2016/05/16 v1.5 Let assignment for LaTeX macros (HO)
Package: hopatch 2016/05/16 v1.3 Wrapper for package hooks (HO)
Package: xcolor-patch 2016/05/16 xcolor patch
Package: atveryend 2016/05/16 v1.9 Hooks at the very end of document (HO)
Package atveryend Info: \enddocument detected (standard20110627).
Package: atbegshi 2016/06/09 v1.18 At begin shipout hook (HO)
Package: refcount 2016/05/16 v3.5 Data extraction from label references (HO)
Package: hycolor 2016/05/16 v1.8 Color options for hyperref/bookmark (HO)
)
(/usr/local/texlive/2017/texmf-dist/tex/latex/oberdiek/auxhook.sty
Package: auxhook 2016/05/16 v1.4 Hooks for auxiliary files (HO)
)
(/usr/local/texlive/2017/texmf-dist/tex/latex/oberdiek/kvoptions.sty
Package: kvoptions 2016/05/16 v3.12 Key value format for package options (HO)
)
\@linkdim=\dimen146
\Hy@linkcounter=\count115
\Hy@pagecounter=\count116

(/usr/local/texlive/2017/texmf-dist/tex/latex/hyperref/pd1enc.def
File: pd1enc.def 2017/03/14 v6.85a Hyperref: PDFDocEncoding definition (HO)
Now handling font encoding PD1 ...
... no UTF-8 mapping file for font encoding PD1
)
\Hy@SavedSpaceFactor=\count117

(/usr/local/texlive/2017/texmf-dist/tex/latex/latexconfig/hyperref.cfg
File: hyperref.cfg 2002/06/06 v1.2 hyperref configuration of TeXLive
)
Package hyperref Info: Option `colorlinks' set `true' on input line 4374.
Package hyperref Info: Hyper figures OFF on input line 4498.
Package hyperref Info: Link nesting OFF on input line 4503.
Package hyperref Info: Hyper index ON on input line 4506.
Package hyperref Info: Plain pages OFF on input line 4513.
Package hyperref Info: Backreferencing OFF on input line 4518.
Package hyperref Info: Implicit mode ON; LaTeX internals redefined.
Package hyperref Info: Bookmarks ON on input line 4751.
\c@Hy@tempcnt=\count118

(/usr/local/texlive/2017/texmf-dist/tex/latex/url/url.sty
\Urlmuskip=\muskip11
Package: url 2013/09/16  ver 3.4  Verb mode for urls, etc.
)
LaTeX Info: Redefining \url on input line 5104.
\XeTeXLinkMargin=\dimen147
\Fld@menulength=\count119
\Field@Width=\dimen148
\Fld@charsize=\dimen149
Package hyperref Info: Hyper figures OFF on input line 6358.
Package hyperref Info: Link nesting OFF on input line 6363.
Package hyperref Info: Hyper index ON on input line 6366.
Package hyperref Info: backreferencing OFF on input line 6373.
Package hyperref Info: Link coloring ON on input line 6376.
Package hyperref Info: Link coloring with OCG OFF on input line 6383.
Package hyperref Info: PDF/A mode OFF on input line 6388.
LaTeX Info: Redefining \ref on input line 6428.
LaTeX Info: Redefining \pageref on input line 6432.
\Hy@abspage=\count120
\c@Item=\count121
\c@Hfootnote=\count122
)

Package hyperref Message: Driver (autodetected): hpdftex.

(/usr/local/texlive/2017/texmf-dist/tex/latex/hyperref/hpdftex.def
File: hpdftex.def 2017/03/14 v6.85a Hyperref driver for pdfTeX
\Fld@listcount=\count123
\c@bookmark@seq@number=\count124

(/usr/local/texlive/2017/texmf-dist/tex/latex/oberdiek/rerunfilecheck.sty
Package: rerunfilecheck 2016/05/16 v1.8 Rerun checks for auxiliary files (HO)
Package uniquecounter Info: New unique counter `rerunfilecheck' on input line 2
82.
)
\Hy@SectionHShift=\skip51
)
(/usr/local/texlive/2017/texmf-dist/tex/latex/fancyhdr/fancyhdr.sty
Package: fancyhdr 2016/09/06 3.8 Extensive control of page headers and footers
\fancy@headwidth=\skip52
\f@ncyO@elh=\skip53
\f@ncyO@erh=\skip54
\f@ncyO@olh=\skip55
\f@ncyO@orh=\skip56
\f@ncyO@elf=\skip57
\f@ncyO@erf=\skip58
\f@ncyO@olf=\skip59
\f@ncyO@orf=\skip60
)
(/usr/local/texlive/2017/texmf-dist/tex/latex/lastpage/lastpage.sty
Package: lastpage 2015/03/29 v1.2m Refers to last page's name (HMM; JPG)
)
(/usr/local/texlive/2017/texmf-dist/tex/latex/titlesec/titlesec.sty
Package: titlesec 2016/03/21 v2.10.2 Sectioning titles
\ttl@box=\box28
\beforetitleunit=\skip61
\aftertitleunit=\skip62
\ttl@plus=\dimen150
\ttl@minus=\dimen151
\ttl@toksa=\toks23
\titlewidth=\dimen152
\titlewidthlast=\dimen153
\titlewidthfirst=\dimen154
)
(/usr/local/texlive/2017/texmf-dist/tex/latex/titlesec/ttlkeys.def
File: ttlkeys.def 2016/03/15
)
(/usr/local/texlive/2017/texmf-dist/tex/latex/titlesec/titletoc.sty
Package: titletoc 2011/12/15 v1.6 TOC entries
\ttl@leftsep=\dimen155
)
(/usr/local/texlive/2017/texmf-dist/tex/latex/enumitem/enumitem.sty
Package: enumitem 2011/09/28 v3.5.2 Customized lists
\labelindent=\skip63
\enit@outerparindent=\dimen156
\enit@toks=\toks24
\enit@inbox=\box29
\enitdp@description=\count125
)
\tocsep=\skip64

(/usr/local/texlive/2017/texmf-dist/tex/latex/lipsum/lipsum.sty
Package: lipsum 2014/07/27 v1.3 150 paragraphs of Lorem Ipsum dummy text
\c@lips@count=\count126
)) (./jabbrv.sty
Package: jabbrv 2010/08/18 v0.2 Automatic Journal Title Abbreviation Package
\temp@journal@text=\toks25
\temp@journal@text@=\toks26
\c@jabbrv@strlen@count=\count127
\c@jabbrv@gobble@temp=\count128
\c@jabbrv@loop@i=\count129
\c@jabbrv@loop@max=\count130
\c@jabbrv@word@count=\count131
(./jabbrv-ltwa-all.ldf) (./jabbrv-ltwa-en.ldf))
(/usr/local/texlive/2017/texmf-dist/tex/latex/microtype/microtype.sty
Package: microtype 2016/05/14 v2.6a Micro-typographical refinements (RS)
\MT@toks=\toks27
\MT@count=\count132
LaTeX Info: Redefining \textls on input line 774.
\MT@outer@kern=\dimen157
LaTeX Info: Redefining \textmicrotypecontext on input line 1310.
\MT@listname@count=\count133

(/usr/local/texlive/2017/texmf-dist/tex/latex/microtype/microtype-pdftex.def
File: microtype-pdftex.def 2016/05/14 v2.6a Definitions specific to pdftex (RS)

LaTeX Info: Redefining \lsstyle on input line 916.
LaTeX Info: Redefining \lslig on input line 916.
\MT@outer@space=\skip65
)
Package microtype Info: Loading configuration file microtype.cfg.

(/usr/local/texlive/2017/texmf-dist/tex/latex/microtype/microtype.cfg
File: microtype.cfg 2016/05/14 v2.6a microtype main configuration file (RS)
))
(/usr/local/texlive/2017/texmf-dist/tex/latex/base/fontenc.sty
Package: fontenc 2017/04/05 v2.0i Standard LaTeX package

(/usr/local/texlive/2017/texmf-dist/tex/latex/base/t1enc.def
File: t1enc.def 2017/04/05 v2.0i Standard LaTeX file
LaTeX Font Info:    Redeclaring font encoding T1 on input line 48.
))
(/usr/local/texlive/2017/texmf-dist/tex/latex/caption/subcaption.sty
Package: subcaption 2016/05/22 v1.1-161 Sub-captions (AR)
\c@subfigure=\count134
\c@subtable=\count135
)
(/usr/local/texlive/2017/texmf-dist/tex/latex/multirow/multirow.sty
Package: multirow 2016/11/25 v2.2 Span multiple rows of a table
\multirow@colwidth=\skip66
\multirow@cntb=\count136
\multirow@dima=\skip67
\bigstrutjot=\dimen158
)
(/usr/local/texlive/2017/texmf-dist/tex/latex/biblatex/biblatex.sty
Package: biblatex 2016/12/05 v3.7 programmable bibliographies (PK/JW/AB)

(/usr/local/texlive/2017/texmf-dist/tex/latex/etoolbox/etoolbox.sty
Package: etoolbox 2017/01/02 v2.4 e-TeX tools for LaTeX (JAW)
\etb@tempcnta=\count137
)
(/usr/local/texlive/2017/texmf-dist/tex/latex/logreq/logreq.sty
Package: logreq 2010/08/04 v1.0 xml request logger
\lrq@indent=\count138

(/usr/local/texlive/2017/texmf-dist/tex/latex/logreq/logreq.def
File: logreq.def 2010/08/04 v1.0 logreq spec v1.0
))
(/usr/local/texlive/2017/texmf-dist/tex/generic/xstring/xstring.sty
(/usr/local/texlive/2017/texmf-dist/tex/generic/xstring/xstring.tex
\@xs@message=\write3
\integerpart=\count139
\decimalpart=\count140
)
Package: xstring 2013/10/13  v1.7c  String manipulations (C Tellechea)
)
\c@tabx@nest=\count141
\c@listtotal=\count142
\c@listcount=\count143
\c@liststart=\count144
\c@liststop=\count145
\c@citecount=\count146
\c@citetotal=\count147
\c@multicitecount=\count148
\c@multicitetotal=\count149
\c@instcount=\count150
\c@maxnames=\count151
\c@minnames=\count152
\c@maxitems=\count153
\c@minitems=\count154
\c@citecounter=\count155
\c@savedcitecounter=\count156
\c@uniquelist=\count157
\c@uniquename=\count158
\c@refsection=\count159
\c@refsegment=\count160
\c@maxextratitle=\count161
\c@maxextratitleyear=\count162
\c@maxextrayear=\count163
\c@maxextraalpha=\count164
\c@abbrvpenalty=\count165
\c@highnamepenalty=\count166
\c@lownamepenalty=\count167
\c@maxparens=\count168
\c@parenlevel=\count169
\blx@tempcnta=\count170
\blx@tempcntb=\count171
\blx@tempcntc=\count172
\blx@maxsection=\count173
\blx@maxsegment@0=\count174
\blx@notetype=\count175
\blx@parenlevel@text=\count176
\blx@parenlevel@foot=\count177
\blx@sectionciteorder@0=\count178
\labelnumberwidth=\skip68
\labelalphawidth=\skip69
\biblabelsep=\skip70
\bibitemsep=\skip71
\bibnamesep=\skip72
\bibinitsep=\skip73
\bibparsep=\skip74
\bibhang=\skip75
\blx@bcfin=\read1
\blx@bcfout=\write4
\c@mincomprange=\count179
\c@maxcomprange=\count180
\c@mincompwidth=\count181
Package biblatex Info: Trying to load biblatex default data model...
Package biblatex Info: ... file 'blx-dm.def' found.

(/usr/local/texlive/2017/texmf-dist/tex/latex/biblatex/blx-dm.def)
Package biblatex Info: Trying to load biblatex style data model...
Package biblatex Info: ... file 'nature.dbx' not found.
Package biblatex Info: Trying to load biblatex custom data model...
Package biblatex Info: ... file 'biblatex-dm.cfg' not found.
\c@afterword=\count182
\c@savedafterword=\count183
\c@annotator=\count184
\c@savedannotator=\count185
\c@author=\count186
\c@savedauthor=\count187
\c@bookauthor=\count188
\c@savedbookauthor=\count189
\c@commentator=\count190
\c@savedcommentator=\count191
\c@editor=\count192
\c@savededitor=\count193
\c@editora=\count194
\c@savededitora=\count195
\c@editorb=\count196
\c@savededitorb=\count197
\c@editorc=\count198
\c@savededitorc=\count199
\c@foreword=\count266
\c@savedforeword=\count267
\c@holder=\count268
\c@savedholder=\count269
\c@introduction=\count270
\c@savedintroduction=\count271
\c@namea=\count272
\c@savednamea=\count273
\c@nameb=\count274
\c@savednameb=\count275
\c@namec=\count276
\c@savednamec=\count277
\c@translator=\count278
\c@savedtranslator=\count279
\c@shortauthor=\count280
\c@savedshortauthor=\count281
\c@shorteditor=\count282
\c@savedshorteditor=\count283
\c@labelname=\count284
\c@savedlabelname=\count285
\c@institution=\count286
\c@savedinstitution=\count287
\c@lista=\count288
\c@savedlista=\count289
\c@listb=\count290
\c@savedlistb=\count291
\c@listc=\count292
\c@savedlistc=\count293
\c@listd=\count294
\c@savedlistd=\count295
\c@liste=\count296
\c@savedliste=\count297
\c@listf=\count298
\c@savedlistf=\count299
\c@location=\count300
\c@savedlocation=\count301
\c@organization=\count302
\c@savedorganization=\count303
\c@origlocation=\count304
\c@savedoriglocation=\count305
\c@origpublisher=\count306
\c@savedorigpublisher=\count307
\c@publisher=\count308
\c@savedpublisher=\count309
\c@language=\count310
\c@savedlanguage=\count311
\c@pageref=\count312
\c@savedpageref=\count313
\shorthandwidth=\skip76
\shortjournalwidth=\skip77
\shortserieswidth=\skip78
\shorttitlewidth=\skip79
\shortauthorwidth=\skip80
\shorteditorwidth=\skip81
Package biblatex Info: Trying to load compatibility code...
Package biblatex Info: ... file 'blx-compat.def' found.

(/usr/local/texlive/2017/texmf-dist/tex/latex/biblatex/blx-compat.def
File: blx-compat.def 2016/12/05 v3.7 biblatex compatibility (PK/JW/AB)
)
Package biblatex Info: Trying to load generic definitions...
Package biblatex Info: ... file 'biblatex.def' found.

(/usr/local/texlive/2017/texmf-dist/tex/latex/biblatex/biblatex.def
File: biblatex.def 2016/12/05 v3.7 biblatex compatibility (PK/JW/AB)
\c@textcitecount=\count314
\c@textcitetotal=\count315
\c@textcitemaxnames=\count316
\c@biburlnumpenalty=\count317
\c@biburlucpenalty=\count318
\c@biburllcpenalty=\count319
\c@smartand=\count320
)
Package biblatex Info: Trying to load bibliography style 'nature'...
Package biblatex Info: ... file 'nature.bbx' found.

(/usr/local/texlive/2017/texmf-dist/tex/latex/biblatex-nature/nature.bbx
File: nature.bbx 2017/03/01 v1.3b biblatex bibliography style
Package biblatex Info: Trying to load bibliography style 'numeric-comp'...
Package biblatex Info: ... file 'numeric-comp.bbx' found.

(/usr/local/texlive/2017/texmf-dist/tex/latex/biblatex/bbx/numeric-comp.bbx
File: numeric-comp.bbx 2016/12/05 v3.7 biblatex bibliography style (PK/JW/AB)
Package biblatex Info: Trying to load bibliography style 'numeric'...
Package biblatex Info: ... file 'numeric.bbx' found.

(/usr/local/texlive/2017/texmf-dist/tex/latex/biblatex/bbx/numeric.bbx
File: numeric.bbx 2016/12/05 v3.7 biblatex bibliography style (PK/JW/AB)
Package biblatex Info: Trying to load bibliography style 'standard'...
Package biblatex Info: ... file 'standard.bbx' found.

(/usr/local/texlive/2017/texmf-dist/tex/latex/biblatex/bbx/standard.bbx
File: standard.bbx 2016/12/05 v3.7 biblatex bibliography style (PK/JW/AB)
\c@bbx:relatedcount=\count321
\c@bbx:relatedtotal=\count322
))))
Package biblatex Info: Trying to load citation style 'nature'...
Package biblatex Info: ... file 'nature.cbx' found.

(/usr/local/texlive/2017/texmf-dist/tex/latex/biblatex-nature/nature.cbx
File: nature.cbx 2017/03/01 v1.3b biblatex citation style
Package biblatex Info: Trying to load citation style 'numeric-comp'...
Package biblatex Info: ... file 'numeric-comp.cbx' found.

(/usr/local/texlive/2017/texmf-dist/tex/latex/biblatex/cbx/numeric-comp.cbx
File: numeric-comp.cbx 2016/12/05 v3.7 biblatex citation style (PK/JW/AB)
\c@cbx@tempcnta=\count323
\c@cbx@tempcntb=\count324
Package biblatex Info: Redefining '\cite'.
Package biblatex Info: Redefining '\parencite'.
Package biblatex Info: Redefining '\footcite'.
Package biblatex Info: Redefining '\footcitetext'.
Package biblatex Info: Redefining '\smartcite'.
Package biblatex Info: Redefining '\supercite'.
Package biblatex Info: Redefining '\textcite'.
Package biblatex Info: Redefining '\textcites'.
Package biblatex Info: Redefining '\cites'.
Package biblatex Info: Redefining '\parencites'.
Package biblatex Info: Redefining '\smartcites'.
))
Package biblatex Info: Trying to load configuration file...
Package biblatex Info: ... file 'biblatex.cfg' found.

(/usr/local/texlive/2017/texmf-dist/tex/latex/biblatex/biblatex.cfg
File: biblatex.cfg 
))
(/usr/local/texlive/2017/texmf-dist/tex/latex/csquotes/csquotes.sty
Package: csquotes 2017/03/11 v5.2b context-sensitive quotations (JAW)
\csq@reset=\count325
\csq@gtype=\count326
\csq@glevel=\count327
\csq@qlevel=\count328
\csq@maxlvl=\count329
\csq@tshold=\count330
\csq@ltx@everypar=\toks28

(/usr/local/texlive/2017/texmf-dist/tex/latex/csquotes/csquotes.def
File: csquotes.def 2017/03/11 v5.2b csquotes generic definitions (JAW)
)
Package csquotes Info: Trying to load configuration file 'csquotes.cfg'...
Package csquotes Info: ... configuration file loaded successfully.

(/usr/local/texlive/2017/texmf-dist/tex/latex/csquotes/csquotes.cfg
File: csquotes.cfg 
))
Package biblatex Info: Trying to load language 'english'...
Package biblatex Info: ... file 'english.lbx' found.

(/usr/local/texlive/2017/texmf-dist/tex/latex/biblatex/lbx/english.lbx
File: english.lbx 2016/12/05 v3.7 biblatex localization (PK/JW/AB)
)
Package csquotes Info: Checking for multilingual support...
Package csquotes Info: ... found 'babel' package.
Package csquotes Info: Adjusting default style.
Package csquotes Info: Redefining alias 'default' -> 'english'.

(./main.aux)
\openout1 = `main.aux'.

LaTeX Font Info:    Checking defaults for OML/cmm/m/it on input line 30.
LaTeX Font Info:    ... okay on input line 30.
LaTeX Font Info:    Checking defaults for T1/cmr/m/n on input line 30.
LaTeX Font Info:    ... okay on input line 30.
LaTeX Font Info:    Checking defaults for OT1/cmr/m/n on input line 30.
LaTeX Font Info:    ... okay on input line 30.
LaTeX Font Info:    Checking defaults for OMS/cmsy/m/n on input line 30.
LaTeX Font Info:    ... okay on input line 30.
LaTeX Font Info:    Checking defaults for OMX/cmex/m/n on input line 30.
LaTeX Font Info:    ... okay on input line 30.
LaTeX Font Info:    Checking defaults for U/cmr/m/n on input line 30.
LaTeX Font Info:    ... okay on input line 30.
LaTeX Font Info:    Checking defaults for PD1/pdf/m/n on input line 30.
LaTeX Font Info:    ... okay on input line 30.
LaTeX Font Info:    Try loading font information for T1+ptm on input line 30.
 (/usr/local/texlive/2017/texmf-dist/tex/latex/psnfss/t1ptm.fd
File: t1ptm.fd 2001/06/04 font definitions for T1/ptm.
)
(/usr/local/texlive/2017/texmf-dist/tex/context/base/mkii/supp-pdf.mkii
[Loading MPS to PDF converter (version 2006.09.02).]
\scratchcounter=\count331
\scratchdimen=\dimen159
\scratchbox=\box30
\nofMPsegments=\count332
\nofMParguments=\count333
\everyMPshowfont=\toks29
\MPscratchCnt=\count334
\MPscratchDim=\dimen160
\MPnumerator=\count335
\makeMPintoPDFobject=\count336
\everyMPtoPDFconversion=\toks30
) (/usr/local/texlive/2017/texmf-dist/tex/latex/oberdiek/epstopdf-base.sty
Package: epstopdf-base 2016/05/15 v2.6 Base part for package epstopdf

(/usr/local/texlive/2017/texmf-dist/tex/latex/oberdiek/grfext.sty
Package: grfext 2016/05/16 v1.2 Manage graphics extensions (HO)
)
Package epstopdf-base Info: Redefining graphics rule for `.eps' on input line 4
38.
Package grfext Info: Graphics extension search list:
(grfext)             [.png,.pdf,.jpg,.mps,.jpeg,.jbig2,.jb2,.PNG,.PDF,.JPG,.JPE
G,.JBIG2,.JB2,.eps]
(grfext)             \AppendGraphicsExtensions on input line 456.

(/usr/local/texlive/2017/texmf-dist/tex/latex/latexconfig/epstopdf-sys.cfg
File: epstopdf-sys.cfg 2010/07/13 v1.3 Configuration of (r)epstopdf for TeX Liv
e
))
*geometry* driver: auto-detecting
*geometry* detected driver: pdftex
*geometry* verbose mode - [ preamble ] result:
* driver: pdftex
* paper: letterpaper
* layout: <same size as paper>
* layoutoffset:(h,v)=(0.0pt,0.0pt)
* modes: 
* h-part:(L,W,R)=(56.9055pt, 500.484pt, 56.9055pt)
* v-part:(T,H,B)=(64.01869pt, 666.9326pt, 64.01869pt)
* \paperwidth=614.295pt
* \paperheight=794.96999pt
* \textwidth=500.484pt
* \textheight=666.9326pt
* \oddsidemargin=-15.36449pt
* \evensidemargin=-15.36449pt
* \topmargin=-45.2513pt
* \headheight=12.0pt
* \headsep=25.0pt
* \topskip=12.0pt
* \footskip=30.0pt
* \marginparwidth=44.0pt
* \marginparsep=10.0pt
* \columnsep=15.6491pt
* \skip\footins=10.8pt plus 4.0pt minus 2.0pt
* \hoffset=0.0pt
* \voffset=0.0pt
* \mag=1000
* \@twocolumnfalse
* \@twosidefalse
* \@mparswitchfalse
* \@reversemarginfalse
* (1in=72.27pt=25.4mm, 1cm=28.453pt)

Package caption Info: Begin \AtBeginDocument code.
Package caption Info: hyperref package is loaded.
Package caption Info: End \AtBeginDocument code.
\AtBeginShipoutBox=\box31
Package hyperref Info: Link coloring ON on input line 30.
(/usr/local/texlive/2017/texmf-dist/tex/latex/hyperref/nameref.sty
Package: nameref 2016/05/21 v2.44 Cross-referencing by name of section

(/usr/local/texlive/2017/texmf-dist/tex/generic/oberdiek/gettitlestring.sty
Package: gettitlestring 2016/05/16 v1.5 Cleanup title references (HO)
)
\c@section@level=\count337
)
LaTeX Info: Redefining \ref on input line 30.
LaTeX Info: Redefining \pageref on input line 30.
LaTeX Info: Redefining \nameref on input line 30.

(./main.out) (./main.out)
\@outlinefile=\write5
\openout5 = `main.out'.

Package lastpage Info: Please have a look at the pageslts package at
(lastpage)             https://www.ctan.org/pkg/pageslts
(lastpage)             ! on input line 30.
LaTeX Info: Redefining \microtypecontext on input line 30.
Package microtype Info: Generating PDF output.
Package microtype Info: Character protrusion enabled (level 2).
Package microtype Info: Using default protrusion set `alltext'.
Package microtype Info: Automatic font expansion enabled (level 2),
(microtype)             stretch: 20, shrink: 20, step: 1, non-selected.
Package microtype Info: Using default expansion set `basictext'.
Package microtype Info: No adjustment of tracking.
Package microtype Info: No adjustment of interword spacing.
Package microtype Info: No adjustment of character kerning.

(/usr/local/texlive/2017/texmf-dist/tex/latex/microtype/mt-ptm.cfg
File: mt-ptm.cfg 2006/04/20 v1.7 microtype config. file: Times (RS)
)
Package biblatex Info: Input encoding 'utf8' detected.
Package biblatex Info: Automatic encoding selection.
(biblatex)             Assuming data encoding 'utf8'.
\openout4 = `main.bcf'.

Package biblatex Info: Trying to load bibliographic data...
Package biblatex Info: ... file 'main.bbl' found.
 (./main.bbl)
Package biblatex Info: Reference section=0 on input line 30.
Package biblatex Info: Reference segment=0 on input line 30.
LaTeX Font Info:    Try loading font information for T1+phv on input line 33.
 (/usr/local/texlive/2017/texmf-dist/tex/latex/psnfss/t1phv.fd
File: t1phv.fd 2001/06/04 scalable font definitions for T1/phv.
)
Package microtype Info: Loading generic settings for font family
(microtype)             `phv' (encoding: T1).
(microtype)             For optimal results, create family-specific settings.
(microtype)             See the microtype manual for details.
LaTeX Font Info:    Font shape `T1/phv/bx/n' in size <12> not available
(Font)              Font shape `T1/phv/b/n' tried instead on input line 33.
LaTeX Font Info:    Font shape `T1/phv/bx/n' in size <20> not available
(Font)              Font shape `T1/phv/b/n' tried instead on input line 33.
LaTeX Font Info:    Try loading font information for OT1+phv on input line 33.

(/usr/local/texlive/2017/texmf-dist/tex/latex/psnfss/ot1phv.fd
File: ot1phv.fd 2001/06/04 scalable font definitions for OT1/phv.
)
Package microtype Info: Loading generic settings for font family
(microtype)             `phv' (encoding: OT1).
(microtype)             For optimal results, create family-specific settings.
(microtype)             See the microtype manual for details.
LaTeX Font Info:    Try loading font information for OT1+ztmcm on input line 33
.

(/usr/local/texlive/2017/texmf-dist/tex/latex/psnfss/ot1ztmcm.fd
File: ot1ztmcm.fd 2000/01/03 Fontinst v1.801 font definitions for OT1/ztmcm.
)
Package microtype Info: Loading generic settings for font family
(microtype)             `ztmcm' (encoding: OT1).
(microtype)             For optimal results, create family-specific settings.
(microtype)             See the microtype manual for details.
LaTeX Font Info:    Try loading font information for OML+ztmcm on input line 33
.

(/usr/local/texlive/2017/texmf-dist/tex/latex/psnfss/omlztmcm.fd
File: omlztmcm.fd 2000/01/03 Fontinst v1.801 font definitions for OML/ztmcm.
)
LaTeX Font Info:    Try loading font information for OMS+ztmcm on input line 33
.

(/usr/local/texlive/2017/texmf-dist/tex/latex/psnfss/omsztmcm.fd
File: omsztmcm.fd 2000/01/03 Fontinst v1.801 font definitions for OMS/ztmcm.
)
LaTeX Font Info:    Try loading font information for OMX+ztmcm on input line 33
.

(/usr/local/texlive/2017/texmf-dist/tex/latex/psnfss/omxztmcm.fd
File: omxztmcm.fd 2000/01/03 Fontinst v1.801 font definitions for OMX/ztmcm.
)
LaTeX Font Info:    Try loading font information for OT1+ptm on input line 33.

(/usr/local/texlive/2017/texmf-dist/tex/latex/psnfss/ot1ptm.fd
File: ot1ptm.fd 2001/06/04 font definitions for OT1/ptm.
)
LaTeX Font Info:    Font shape `OT1/ptm/bx/n' in size <12> not available
(Font)              Font shape `OT1/ptm/b/n' tried instead on input line 33.
LaTeX Font Info:    Font shape `OT1/ptm/bx/n' in size <9> not available
(Font)              Font shape `OT1/ptm/b/n' tried instead on input line 33.
LaTeX Font Info:    Font shape `OT1/ptm/bx/n' in size <7> not available
(Font)              Font shape `OT1/ptm/b/n' tried instead on input line 33.

(/usr/local/texlive/2017/texmf-dist/tex/latex/microtype/mt-msa.cfg
File: mt-msa.cfg 2006/02/04 v1.1 microtype config. file: AMS symbols (a) (RS)
)
(/usr/local/texlive/2017/texmf-dist/tex/latex/microtype/mt-msb.cfg
File: mt-msb.cfg 2005/06/01 v1.0 microtype config. file: AMS symbols (b) (RS)
)
LaTeX Font Info:    Font shape `OT1/ptm/bx/n' in size <10> not available
(Font)              Font shape `OT1/ptm/b/n' tried instead on input line 33.
LaTeX Font Info:    Font shape `OT1/ptm/bx/n' in size <7.4> not available
(Font)              Font shape `OT1/ptm/b/n' tried instead on input line 33.
LaTeX Font Info:    Font shape `OT1/ptm/bx/n' in size <6> not available
(Font)              Font shape `OT1/ptm/b/n' tried instead on input line 33.
LaTeX Font Info:    Font shape `T1/phv/bx/n' in size <14.4> not available
(Font)              Font shape `T1/phv/b/n' tried instead on input line 33.
LaTeX Font Info:    Font shape `T1/phv/bx/n' in size <10.95> not available
(Font)              Font shape `T1/phv/b/n' tried instead on input line 33.

(./introduction.tex [1

{/usr/local/texlive/2017/texmf-var/fonts/map/pdftex/updmap/pdftex.map}]) (./res
ults.tex [2]
LaTeX Font Info:    Try loading font information for OMS+ptm on input line 24.

(/usr/local/texlive/2017/texmf-dist/tex/latex/psnfss/omsptm.fd
File: omsptm.fd 
)
LaTeX Font Info:    Font shape `OMS/ptm/m/n' in size <12> not available
(Font)              Font shape `OMS/cmsy/m/n' tried instead on input line 24.
LaTeX Font Info:    Font shape `T1/ptm/bx/n' in size <12> not available
(Font)              Font shape `T1/ptm/b/n' tried instead on input line 26.
 [3]
Package epstopdf Info: Source file: <figures/exploratory/stationarity.eps>
(epstopdf)                    date: 2019-10-29 17:47:36
(epstopdf)                    size: 29196 bytes
(epstopdf)             Output file: <figures/exploratory/stationarity-eps-conve
rted-to.pdf>
(epstopdf)                    date: 2019-10-29 17:47:42
(epstopdf)                    size: 17729 bytes
(epstopdf)             Command: <repstopdf --outfile=figures/exploratory/statio
narity-eps-converted-to.pdf figures/exploratory/stationarity.eps>
(epstopdf)             \includegraphics on input line 45.
Package epstopdf Info: Output file is already uptodate.

<figures/exploratory/stationarity-eps-converted-to.pdf, id=97, 1300.86pt x 433.
62pt>
File: figures/exploratory/stationarity-eps-converted-to.pdf Graphic file (type 
pdf)
 <use figures/exploratory/stationarity-eps-converted-to.pdf>
Package pdftex.def Info: figures/exploratory/stationarity-eps-converted-to.pdf 
used on input line 45.
(pdftex.def)             Requested size: 500.484pt x 166.82843pt.

<figures/pred_power/ncit_vs_pubrp/cit_age.pdf, id=98, 578.16pt x 505.89pt>
File: figures/pred_power/ncit_vs_pubrp/cit_age.pdf Graphic file (type pdf)

<use figures/pred_power/ncit_vs_pubrp/cit_age.pdf>
Package pdftex.def Info: figures/pred_power/ncit_vs_pubrp/cit_age.pdf used on i
nput line 56.
(pdftex.def)             Requested size: 240.23016pt x 210.19516pt.
LaTeX Font Info:    Font shape `T1/ptm/bx/n' in size <10.95> not available
(Font)              Font shape `T1/ptm/b/n' tried instead on input line 57.

<figures/pred_power/ncit_vs_pubrp/rp_age.pdf, id=99, 578.16pt x 505.89pt>
File: figures/pred_power/ncit_vs_pubrp/rp_age.pdf Graphic file (type pdf)

<use figures/pred_power/ncit_vs_pubrp/rp_age.pdf>
Package pdftex.def Info: figures/pred_power/ncit_vs_pubrp/rp_age.pdf used on in
put line 63.
(pdftex.def)             Requested size: 240.23016pt x 210.19516pt.

<figures/pred_power/ncit_vs_pubrp/cit_cit.pdf, id=100, 578.16pt x 505.89pt>
File: figures/pred_power/ncit_vs_pubrp/cit_cit.pdf Graphic file (type pdf)

<use figures/pred_power/ncit_vs_pubrp/cit_cit.pdf>
Package pdftex.def Info: figures/pred_power/ncit_vs_pubrp/cit_cit.pdf used on i
nput line 70.
(pdftex.def)             Requested size: 240.23016pt x 210.19516pt.

<figures/pred_power/ncit_vs_pubrp/rp_rp.pdf, id=101, 578.16pt x 505.89pt>
File: figures/pred_power/ncit_vs_pubrp/rp_rp.pdf Graphic file (type pdf)

<use figures/pred_power/ncit_vs_pubrp/rp_rp.pdf>
Package pdftex.def Info: figures/pred_power/ncit_vs_pubrp/rp_rp.pdf used on inp
ut line 77.
(pdftex.def)             Requested size: 240.23016pt x 210.19516pt.
Package epstopdf Info: Source file: <figures/pred_power/current/heatmap_cor.eps
>
(epstopdf)                    date: 2019-10-31 12:10:18
(epstopdf)                    size: 19898 bytes
(epstopdf)             Output file: <figures/pred_power/current/heatmap_cor-eps
-converted-to.pdf>
(epstopdf)                    date: 2019-10-31 12:10:24
(epstopdf)                    size: 12750 bytes
(epstopdf)             Command: <repstopdf --outfile=figures/pred_power/current
/heatmap_cor-eps-converted-to.pdf figures/pred_power/current/heatmap_cor.eps>
(epstopdf)             \includegraphics on input line 91.
Package epstopdf Info: Output file is already uptodate.

<figures/pred_power/current/heatmap_cor-eps-converted-to.pdf, id=116, 1300.86pt
 x 1300.86pt>
File: figures/pred_power/current/heatmap_cor-eps-converted-to.pdf Graphic file 
(type pdf)

<use figures/pred_power/current/heatmap_cor-eps-converted-to.pdf>
Package pdftex.def Info: figures/pred_power/current/heatmap_cor-eps-converted-t
o.pdf used on input line 91.
(pdftex.def)             Requested size: 400.38872pt x 400.38426pt.
Package epstopdf Info: Source file: <figures/pred_power/future/heatmap_cor.eps>

(epstopdf)                    date: 2019-10-31 12:14:58
(epstopdf)                    size: 12600 bytes
(epstopdf)             Output file: <figures/pred_power/future/heatmap_cor-eps-
converted-to.pdf>
(epstopdf)                    date: 2019-10-31 12:15:03
(epstopdf)                    size: 11777 bytes
(epstopdf)             Command: <repstopdf --outfile=figures/pred_power/future/
heatmap_cor-eps-converted-to.pdf figures/pred_power/future/heatmap_cor.eps>
(epstopdf)             \includegraphics on input line 98.
Package epstopdf Info: Output file is already uptodate.

<figures/pred_power/future/heatmap_cor-eps-converted-to.pdf, id=117, 1300.86pt 
x 722.7pt>
File: figures/pred_power/future/heatmap_cor-eps-converted-to.pdf Graphic file (
type pdf)
 <use figures/pred_power/future/heatmap_cor-eps-converted-to.pdf>
Package pdftex.def Info: figures/pred_power/future/heatmap_cor-eps-converted-to
.pdf used on input line 98.
(pdftex.def)             Requested size: 400.38872pt x 222.43568pt.


LaTeX Warning: Float too large for page by 20.58731pt on input line 104.

Package epstopdf Info: Source file: <figures/pred_power/pubrp/scatter_bio1980.e
ps>
(epstopdf)                    date: 2019-10-31 14:33:55
(epstopdf)                    size: 710059 bytes
(epstopdf)             Output file: <figures/pred_power/pubrp/scatter_bio1980-e
ps-converted-to.pdf>
(epstopdf)                    date: 2019-10-31 14:34:01
(epstopdf)                    size: 182085 bytes
(epstopdf)             Command: <repstopdf --outfile=figures/pred_power/pubrp/s
catter_bio1980-eps-converted-to.pdf figures/pred_power/pubrp/scatter_bio1980.ep
s>
(epstopdf)             \includegraphics on input line 107.
Package epstopdf Info: Output file is already uptodate.

<figures/pred_power/pubrp/scatter_bio1980-eps-converted-to.pdf, id=118, 1300.86
pt x 1084.05pt>
File: figures/pred_power/pubrp/scatter_bio1980-eps-converted-to.pdf Graphic fil
e (type pdf)

<use figures/pred_power/pubrp/scatter_bio1980-eps-converted-to.pdf>
Package pdftex.def Info: figures/pred_power/pubrp/scatter_bio1980-eps-converted
-to.pdf used on input line 107.
(pdftex.def)             Requested size: 500.484pt x 417.07108pt.
Package epstopdf Info: Source file: <figures/pred_model/r2_diff.eps>
(epstopdf)                    date: 2019-10-31 15:04:28
(epstopdf)                    size: 169175 bytes
(epstopdf)             Output file: <figures/pred_model/r2_diff-eps-converted-t
o.pdf>
(epstopdf)                    date: 2019-10-31 15:04:34
(epstopdf)                    size: 99748 bytes
(epstopdf)             Command: <repstopdf --outfile=figures/pred_model/r2_diff
-eps-converted-to.pdf figures/pred_model/r2_diff.eps>
(epstopdf)             \includegraphics on input line 115.
Package epstopdf Info: Output file is already uptodate.

<figures/pred_model/r2_diff-eps-converted-to.pdf, id=119, 1300.86pt x 1445.4pt>
File: figures/pred_model/r2_diff-eps-converted-to.pdf Graphic file (type pdf)
<use figures/pred_model/r2_diff-eps-converted-to.pdf>
Package pdftex.def Info: figures/pred_model/r2_diff-eps-converted-to.pdf used o
n input line 115.
(pdftex.def)             Requested size: 500.484pt x 556.09476pt.


LaTeX Warning: Reference `fig:simulated_authors' on page 4 undefined on input l
ine 126.

[4 <./figures/exploratory/stationarity-eps-converted-to.pdf>]
Underfull \vbox (badness 1418) has occurred while \output is active []

 [5 <./figures/pred_power/ncit_vs_pubrp/cit_age.pdf> <./figures/pred_power/ncit
_vs_pubrp/rp_age.pdf> <./figures/pred_power/ncit_vs_pubrp/cit_cit.pdf> <./figur
es/pred_power/ncit_vs_pubrp/rp_rp.pdf>]

LaTeX Warning: Reference `fig:aut_rp_class' on page 6 undefined on input line 1
28.

[6] [7]
LaTeX Font Info:    Font shape `T1/phv/bx/it' in size <10.95> not available
(Font)              Font shape `T1/phv/b/it' tried instead on input line 156.
LaTeX Font Info:    Font shape `T1/phv/b/it' in size <10.95> not available
(Font)              Font shape `T1/phv/b/sl' tried instead on input line 156.
) (./discussion.tex [8]) (./methods.tex
LaTeX Font Info:    Try loading font information for T1+pcr on input line 11.

(/usr/local/texlive/2017/texmf-dist/tex/latex/psnfss/t1pcr.fd
File: t1pcr.fd 2001/06/04 font definitions for T1/pcr.
)
Package microtype Info: Loading generic settings for font family
(microtype)             `pcr' (encoding: T1).
(microtype)             For optimal results, create family-specific settings.
(microtype)             See the microtype manual for details.

Overfull \hbox (12.29498pt too wide) in paragraph at lines 11--12
[]\T1/ptm/m/n/12 (-20) The data and code are pub-licly avail-able at [][]$\T1/p
cr/m/n/12 https : / / github . com / sentian / impact-[]ranking$[][]\T1/ptm/m/n
/12 (-20) . 
 []

) [9] [10 <./figures/pred_power/current/heatmap_cor-eps-converted-to.pdf> <./fi
gures/pred_power/future/heatmap_cor-eps-converted-to.pdf>] [11 <./figures/pred_
power/pubrp/scatter_bio1980-eps-converted-to.pdf>] [12 <./figures/pred_model/r2
_diff-eps-converted-to.pdf>] [13

] [14] (./supplemental.tex [15]
\blx@maxsegment@1=\count338
\blx@sectionciteorder@1=\count339
Package biblatex Info: Reference section=1 on input line 3.
Package biblatex Info: Setting label 'refsection:1' on input line 3.
LaTeX Font Info:    Font shape `T1/ptm/bx/n' in size <14.4> not available
(Font)              Font shape `T1/ptm/b/n' tried instead on input line 9.
pdfTeX warning (ext4): destination with the same identifier (name{page.1}) has 
been already used, duplicate ignored
<to be read again> 
                   \relax 
l.45 \printbibliography[heading=subbibliography]
                                                 [1

]pdfTeX warning (ext4): destination with the same identifier (name{page.2}) has
 been already used, duplicate ignored
<to be read again> 
                   \relax 
l.48 \clearpage
                [2]
Overfull \hbox (37.08246pt too wide) in paragraph at lines 119--139
 [][] 
 []

Package epstopdf Info: Source file: <figures/exploratory/npub_ncitperpub_naut.e
ps>
(epstopdf)                    date: 2019-04-23 18:09:38
(epstopdf)                    size: 20502 bytes
(epstopdf)             Output file: <figures/exploratory/npub_ncitperpub_naut-e
ps-converted-to.pdf>
(epstopdf)                    date: 2019-05-13 18:56:02
(epstopdf)                    size: 14148 bytes
(epstopdf)             Command: <repstopdf --outfile=figures/exploratory/npub_n
citperpub_naut-eps-converted-to.pdf figures/exploratory/npub_ncitperpub_naut.ep
s>
(epstopdf)             \includegraphics on input line 146.
Package epstopdf Info: Output file is already uptodate.

<figures/exploratory/npub_ncitperpub_naut-eps-converted-to.pdf, id=354, 1300.86
pt x 578.16pt>
File: figures/exploratory/npub_ncitperpub_naut-eps-converted-to.pdf Graphic fil
e (type pdf)

<use figures/exploratory/npub_ncitperpub_naut-eps-converted-to.pdf>
Package pdftex.def Info: figures/exploratory/npub_ncitperpub_naut-eps-converted
-to.pdf used on input line 146.
(pdftex.def)             Requested size: 500.484pt x 222.4379pt.
Package epstopdf Info: Source file: <figures/pred_power/current/heatmap_cor_aut
rp.eps>
(epstopdf)                    date: 2019-10-31 12:17:02
(epstopdf)                    size: 19849 bytes
(epstopdf)             Output file: <figures/pred_power/current/heatmap_cor_aut
rp-eps-converted-to.pdf>
(epstopdf)                    date: 2019-10-31 12:17:08
(epstopdf)                    size: 12624 bytes
(epstopdf)             Command: <repstopdf --outfile=figures/pred_power/current
/heatmap_cor_autrp-eps-converted-to.pdf figures/pred_power/current/heatmap_cor_
autrp.eps>
(epstopdf)             \includegraphics on input line 154.
Package epstopdf Info: Output file is already uptodate.

<figures/pred_power/current/heatmap_cor_autrp-eps-converted-to.pdf, id=355, 130
0.86pt x 1300.86pt>
File: figures/pred_power/current/heatmap_cor_autrp-eps-converted-to.pdf Graphic
 file (type pdf)

<use figures/pred_power/current/heatmap_cor_autrp-eps-converted-to.pdf>
Package pdftex.def Info: figures/pred_power/current/heatmap_cor_autrp-eps-conve
rted-to.pdf used on input line 154.
(pdftex.def)             Requested size: 500.484pt x 500.48529pt.
Package epstopdf Info: Source file: <figures/pred_power/autrp/scatter_all.eps>
(epstopdf)                    date: 2019-10-31 14:37:31
(epstopdf)                    size: 846018 bytes
(epstopdf)             Output file: <figures/pred_power/autrp/scatter_all-eps-c
onverted-to.pdf>
(epstopdf)                    date: 2019-10-31 14:37:37
(epstopdf)                    size: 338740 bytes
(epstopdf)             Command: <repstopdf --outfile=figures/pred_power/autrp/s
catter_all-eps-converted-to.pdf figures/pred_power/autrp/scatter_all.eps>
(epstopdf)             \includegraphics on input line 162.
Package epstopdf Info: Output file is already uptodate.

<figures/pred_power/autrp/scatter_all-eps-converted-to.pdf, id=356, 1300.86pt x
 1084.05pt>
File: figures/pred_power/autrp/scatter_all-eps-converted-to.pdf Graphic file (t
ype pdf)
 <use figures/pred_power/autrp/scatter_all-eps-converted-to.pdf>
Package pdftex.def Info: figures/pred_power/autrp/scatter_all-eps-converted-to.
pdf used on input line 162.
(pdftex.def)             Requested size: 500.484pt x 417.07108pt.
Package epstopdf Info: Source file: <figures/robustness_test/cor.eps>
(epstopdf)                    date: 2019-09-05 15:06:37
(epstopdf)                    size: 7959 bytes
(epstopdf)             Output file: <figures/robustness_test/cor-eps-converted-
to.pdf>
(epstopdf)                    date: 2019-09-05 15:08:08
(epstopdf)                    size: 9800 bytes
(epstopdf)             Command: <repstopdf --outfile=figures/robustness_test/co
r-eps-converted-to.pdf figures/robustness_test/cor.eps>
(epstopdf)             \includegraphics on input line 169.
Package epstopdf Info: Output file is already uptodate.

<figures/robustness_test/cor-eps-converted-to.pdf, id=357, 722.7pt x 433.62pt>
File: figures/robustness_test/cor-eps-converted-to.pdf Graphic file (type pdf)

<use figures/robustness_test/cor-eps-converted-to.pdf>
Package pdftex.def Info: figures/robustness_test/cor-eps-converted-to.pdf used 
on input line 169.
(pdftex.def)             Requested size: 350.33727pt x 210.19958pt.
Package epstopdf Info: Source file: <figures/stationarity_test/drift.eps>
(epstopdf)                    date: 2019-09-03 17:25:04
(epstopdf)                    size: 89848 bytes
(epstopdf)             Output file: <figures/stationarity_test/drift-eps-conver
ted-to.pdf>
(epstopdf)                    date: 2019-09-03 17:25:20
(epstopdf)                    size: 171885 bytes
(epstopdf)             Command: <repstopdf --outfile=figures/stationarity_test/
drift-eps-converted-to.pdf figures/stationarity_test/drift.eps>
(epstopdf)             \includegraphics on input line 177.
Package epstopdf Info: Output file is already uptodate.

<figures/stationarity_test/drift-eps-converted-to.pdf, id=358, 1084.05pt x 578.
16pt>
File: figures/stationarity_test/drift-eps-converted-to.pdf Graphic file (type p
df)
 <use figures/stationarity_test/drift-eps-converted-to.pdf>
Package pdftex.def Info: figures/stationarity_test/drift-eps-converted-to.pdf u
sed on input line 177.
(pdftex.def)             Requested size: 500.484pt x 266.92725pt.
Package epstopdf Info: Source file: <figures/pred_model/rmse_diff.eps>
(epstopdf)                    date: 2019-10-31 15:05:03
(epstopdf)                    size: 168358 bytes
(epstopdf)             Output file: <figures/pred_model/rmse_diff-eps-converted
-to.pdf>
(epstopdf)                    date: 2019-09-03 18:33:17
(epstopdf)                    size: 103342 bytes
(epstopdf)             Command: <repstopdf --outfile=figures/pred_model/rmse_di
ff-eps-converted-to.pdf figures/pred_model/rmse_diff.eps>
(epstopdf)             \includegraphics on input line 184.
runsystem(repstopdf --outfile=figures/pred_model/rmse_diff-eps-converted-to.pdf
 figures/pred_model/rmse_diff.eps)...executed safely (allowed).

Package epstopdf Info: Result file: <figures/pred_model/rmse_diff-eps-converted
-to.pdf>
(epstopdf)                    date: 2019-10-31 15:05:23
(epstopdf)                    size: 102531 bytes.

<figures/pred_model/rmse_diff-eps-converted-to.pdf, id=359, 1300.86pt x 1445.4p
t>
File: figures/pred_model/rmse_diff-eps-converted-to.pdf Graphic file (type pdf)

 <use figures/pred_model/rmse_diff-eps-converted-to.pdf>
Package pdftex.def Info: figures/pred_model/rmse_diff-eps-converted-to.pdf used
 on input line 184.
(pdftex.def)             Requested size: 500.484pt x 556.09476pt.
Package epstopdf Info: Source file: <figures/pred_model/medse_diff.eps>
(epstopdf)                    date: 2019-10-31 15:05:17
(epstopdf)                    size: 168281 bytes
(epstopdf)             Output file: <figures/pred_model/medse_diff-eps-converte
d-to.pdf>
(epstopdf)                    date: 2019-09-03 18:33:18
(epstopdf)                    size: 104341 bytes
(epstopdf)             Command: <repstopdf --outfile=figures/pred_model/medse_d
iff-eps-converted-to.pdf figures/pred_model/medse_diff.eps>
(epstopdf)             \includegraphics on input line 191.
runsystem(repstopdf --outfile=figures/pred_model/medse_diff-eps-converted-to.pd
f figures/pred_model/medse_diff.eps)...executed safely (allowed).

Package epstopdf Info: Result file: <figures/pred_model/medse_diff-eps-converte
d-to.pdf>
(epstopdf)                    date: 2019-10-31 15:05:24
(epstopdf)                    size: 103247 bytes.

<figures/pred_model/medse_diff-eps-converted-to.pdf, id=360, 1300.86pt x 1445.4
pt>
File: figures/pred_model/medse_diff-eps-converted-to.pdf Graphic file (type pdf
)
 <use figures/pred_model/medse_diff-eps-converted-to.pdf>
Package pdftex.def Info: figures/pred_model/medse_diff-eps-converted-to.pdf use
d on input line 191.
(pdftex.def)             Requested size: 500.484pt x 556.09476pt.
Package epstopdf Info: Source file: <figures/pred_model/mae_diff.eps>
(epstopdf)                    date: 2019-10-31 15:05:10
(epstopdf)                    size: 168219 bytes
(epstopdf)             Output file: <figures/pred_model/mae_diff-eps-converted-
to.pdf>
(epstopdf)                    date: 2019-10-31 15:01:50
(epstopdf)                    size: 102906 bytes
(epstopdf)             Command: <repstopdf --outfile=figures/pred_model/mae_dif
f-eps-converted-to.pdf figures/pred_model/mae_diff.eps>
(epstopdf)             \includegraphics on input line 198.
runsystem(repstopdf --outfile=figures/pred_model/mae_diff-eps-converted-to.pdf 
figures/pred_model/mae_diff.eps)...executed safely (allowed).

Package epstopdf Info: Result file: <figures/pred_model/mae_diff-eps-converted-
to.pdf>
(epstopdf)                    date: 2019-10-31 15:05:24
(epstopdf)                    size: 102521 bytes.

<figures/pred_model/mae_diff-eps-converted-to.pdf, id=361, 1300.86pt x 1445.4pt
>
File: figures/pred_model/mae_diff-eps-converted-to.pdf Graphic file (type pdf)
 <use figures/pred_model/mae_diff-eps-converted-to.pdf>
Package pdftex.def Info: figures/pred_model/mae_diff-eps-converted-to.pdf used 
on input line 198.
(pdftex.def)             Requested size: 500.484pt x 556.09476pt.
Package biblatex Info: Reference section=0 on input line 310.
)

AED: lastpage setting LastPage
pdfTeX warning (ext4): destination with the same identifier (name{page.3}) has 
been already used, duplicate ignored
<to be read again> 
                   \relax 
l.58 \end{document}
                    [3

]pdfTeX warning (ext4): destination with the same identifier (name{page.4}) has
 been already used, duplicate ignored
<to be read again> 
                   \relax 
l.58 \end{document}
                    [4]pdfTeX warning (ext4): destination with the same identif
ier (name{page.5}) has been already used, duplicate ignored
<to be read again> 
                   \relax 
l.58 \end{document}
                    [5 <./figures/exploratory/npub_ncitperpub_naut-eps-converte
d-to.pdf>]pdfTeX warning (ext4): destination with the same identifier (name{pag
e.6}) has been already used, duplicate ignored
<to be read again> 
                   \relax 
l.58 \end{document}
                    [6 <./figures/pred_power/current/heatmap_cor_autrp-eps-conv
erted-to.pdf>]pdfTeX warning (ext4): destination with the same identifier (name
{page.7}) has been already used, duplicate ignored
<to be read again> 
                   \relax 
l.58 \end{document}
                    [7 <./figures/pred_power/autrp/scatter_all-eps-converted-to
.pdf>]pdfTeX warning (ext4): destination with the same identifier (name{page.8}
) has been already used, duplicate ignored
<to be read again> 
                   \relax 
l.58 \end{document}
                    [8 <./figures/robustness_test/cor-eps-converted-to.pdf> <./
figures/stationarity_test/drift-eps-converted-to.pdf>]pdfTeX warning (ext4): de
stination with the same identifier (name{page.9}) has been already used, duplic
ate ignored
<to be read again> 
                   \relax 
l.58 \end{document}
                    [9 <./figures/pred_model/rmse_diff-eps-converted-to.pdf>]pd
fTeX warning (ext4): destination with the same identifier (name{page.10}) has b
een already used, duplicate ignored
<to be read again> 
                   \relax 
l.58 \end{document}
                    [10 <./figures/pred_model/medse_diff-eps-converted-to.pdf>]
pdfTeX warning (ext4): destination with the same identifier (name{page.11}) has
 been already used, duplicate ignored
<to be read again> 
                   \relax 
l.58 \end{document}
                    [11 <./figures/pred_model/mae_diff-eps-converted-to.pdf>]
Package atveryend Info: Empty hook `BeforeClearDocument' on input line 58.
Package atveryend Info: Empty hook `AfterLastShipout' on input line 58.

(./main.aux)
Package atveryend Info: Executing hook `AtVeryEndDocument' on input line 58.
Package atveryend Info: Executing hook `AtEndAfterFileList' on input line 58.
Package rerunfilecheck Info: File `main.out' has not changed.
(rerunfilecheck)             Checksum: F078BE86B4E8F83B5C565DC906E675D6;167.


LaTeX Warning: There were undefined references.

Package logreq Info: Writing requests to 'main.run.xml'.
\openout1 = `main.run.xml'.

Package atveryend Info: Empty hook `AtVeryVeryEnd' on input line 58.
 ) 
Here is how much of TeX's memory you used:
 25922 strings out of 492995
 491031 string characters out of 6132704
 1013066 words of memory out of 5000000
 28797 multiletter control sequences out of 15000+600000
 91541 words of font info for 266 fonts, out of 8000000 for 9000
 1141 hyphenation exceptions out of 8191
 45i,12n,58p,2090b,1555s stack positions out of 5000i,500n,10000p,200000b,80000s
{/usr/local/texlive/2017/texmf-dist/fonts/enc/dvips/base/8r.enc}</usr/local/t
exlive/2017/texmf-dist/fonts/type1/public/amsfonts/cm/cmex10.pfb></usr/local/te
xlive/2017/texmf-dist/fonts/type1/public/amsfonts/cm/cmmi10.pfb></usr/local/tex
live/2017/texmf-dist/fonts/type1/public/amsfonts/cm/cmr10.pfb></usr/local/texli
ve/2017/texmf-dist/fonts/type1/public/amsfonts/cm/cmsy10.pfb></usr/local/texliv
e/2017/texmf-dist/fonts/type1/urw/courier/ucrr8a.pfb></usr/local/texlive/2017/t
exmf-dist/fonts/type1/urw/helvetic/uhvb8a.pfb></usr/local/texlive/2017/texmf-di
st/fonts/type1/urw/helvetic/uhvbo8a.pfb></usr/local/texlive/2017/texmf-dist/fon
ts/type1/urw/helvetic/uhvr8a.pfb></usr/local/texlive/2017/texmf-dist/fonts/type
1/urw/symbol/usyr.pfb></usr/local/texlive/2017/texmf-dist/fonts/type1/urw/symbo
l/usyr.pfb></usr/local/texlive/2017/texmf-dist/fonts/type1/urw/times/utmb8a.pfb
></usr/local/texlive/2017/texmf-dist/fonts/type1/urw/times/utmr8a.pfb></usr/loc
al/texlive/2017/texmf-dist/fonts/type1/urw/times/utmri8a.pfb>
Output written on main.pdf (26 pages, 1348758 bytes).
PDF statistics:
 550 PDF objects out of 1000 (max. 8388607)
 430 compressed objects within 5 object streams
 85 named destinations out of 1000 (max. 500000)
 46702 words of extra memory for PDF output out of 51595 (max. 10000000)

